\BOOKMARK [1][-]{section.1}{Introduction}{}% 1
\BOOKMARK [1][-]{section.2}{Supervised Learning Models}{}% 2
\BOOKMARK [2][-]{subsection.2.1}{Logistic Regression Classifier}{section.2}% 3
\BOOKMARK [2][-]{subsection.2.2}{Gaussian Naive Bayes Classifier}{section.2}% 4
\BOOKMARK [2][-]{subsection.2.3}{Decision Tree Classifier}{section.2}% 5
\BOOKMARK [3][-]{subsubsection.2.3.1}{Weight Decision Tree}{subsection.2.3}% 6
\BOOKMARK [2][-]{subsection.2.4}{Support Vector Classifier}{section.2}% 7
\BOOKMARK [2][-]{subsection.2.5}{Discriminant Analysis Classifier}{section.2}% 8
\BOOKMARK [3][-]{subsubsection.2.5.1}{Linear Discriminant Analysis Classifier}{subsection.2.5}% 9
\BOOKMARK [3][-]{subsubsection.2.5.2}{Quadratic Discriminant Analysis Classifier}{subsection.2.5}% 10
\BOOKMARK [2][-]{subsection.2.6}{K-Nearest Neighbor Classifier}{section.2}% 11
\BOOKMARK [2][-]{subsection.2.7}{Boosting Methods}{section.2}% 12
\BOOKMARK [3][-]{subsubsection.2.7.1}{Adaboost}{subsection.2.7}% 13
\BOOKMARK [3][-]{subsubsection.2.7.2}{XGboost}{subsection.2.7}% 14
\BOOKMARK [2][-]{subsection.2.8}{Random Forest / Bagging / Voting Methods}{section.2}% 15
\BOOKMARK [3][-]{subsubsection.2.8.1}{Voting Method}{subsection.2.8}% 16
\BOOKMARK [3][-]{subsubsection.2.8.2}{Bagging Method}{subsection.2.8}% 17
\BOOKMARK [3][-]{subsubsection.2.8.3}{Random Forest Method}{subsection.2.8}% 18
\BOOKMARK [1][-]{section.3}{Outlier Detection Methods}{}% 19
\BOOKMARK [1][-]{section.4}{Clustering-Based Modeling Methods}{}% 20
\BOOKMARK [1][-]{section.5}{Numerical Experiment}{}% 21
\BOOKMARK [1][-]{section.6}{Conclusion}{}% 22
